<?xml version="1.0" encoding="UTF-8"?>
<!-- Generated by org.testng.reporters.JUnitReportReporter -->
<testsuite hostname="VenkataRaghavendrasaiGoli" failures="0" tests="1" name="com.learning.RestAssured.testScripts.TestCase1_PostMethod" time="2.733" errors="0" timestamp="2023-10-28T20:17:34 IST" skipped="0">
  <testcase classname="com.learning.RestAssured.testScripts.TestCase1_PostMethod" name="testcase1" time="2.733"/>
</testsuite> <!-- com.learning.RestAssured.testScripts.TestCase1_PostMethod -->
