<?xml version="1.0" encoding="UTF-8"?>
<!-- Generated by org.testng.reporters.JUnitReportReporter -->
<testsuite hostname="VenkataRaghavendrasaiGoli" failures="0" tests="1" name="com.learning.RestAssured.testScripts.TestCase3_GETParticular" time="0.060" errors="0" timestamp="2023-10-28T20:17:34 IST" skipped="0">
  <testcase classname="com.learning.RestAssured.testScripts.TestCase3_GETParticular" name="testcase3" time="0.060"/>
</testsuite> <!-- com.learning.RestAssured.testScripts.TestCase3_GETParticular -->
