<?xml version="1.0" encoding="UTF-8"?>
<!-- Generated by org.testng.reporters.JUnitReportReporter -->
<testsuite hostname="VenkataRaghavendrasaiGoli" failures="0" tests="1" name="com.learning.RestAssured.testScripts.TestCase8_PostMethodReqRes" time="12.640" errors="0" timestamp="2023-10-28T18:40:19 IST" skipped="0">
  <testcase classname="com.learning.RestAssured.testScripts.TestCase8_PostMethodReqRes" name="testcase8" time="12.640"/>
</testsuite> <!-- com.learning.RestAssured.testScripts.TestCase8_PostMethodReqRes -->
